<?xml version="1.0" encoding="UTF-8"?>
<!-- Generated by org.testng.reporters.JUnitReportReporter -->
<testsuite hostname="DESKTOP-NGE3ROT" failures="0" tests="1" name="baselibrary.BaseLibrary" time="17.763" errors="0" timestamp="2024-08-27T14:04:55 IST" skipped="0">
  <testcase classname="baselibrary.BaseLibrary" name="launchBrowser" time="17.763"/>
  <system-out/>
</testsuite> <!-- baselibrary.BaseLibrary -->
